                                 Started job on |	Dec 04 22:04:37
                             Started mapping on |	Dec 04 22:04:38
                                    Finished on |	Dec 04 22:53:54
       Mapping speed, Million of reads per hour |	48.23

                          Number of input reads |	39600778
                      Average input read length |	298
                                    UNIQUE READS:
                   Uniquely mapped reads number |	36216456
                        Uniquely mapped reads % |	91.45%
                          Average mapped length |	297.32
                       Number of splices: Total |	38266627
            Number of splices: Annotated (sjdb) |	37798936
                       Number of splices: GT/AG |	37896378
                       Number of splices: GC/AG |	298234
                       Number of splices: AT/AC |	35243
               Number of splices: Non-canonical |	36772
                      Mismatch rate per base, % |	0.14%
                         Deletion rate per base |	0.01%
                        Deletion average length |	1.51
                        Insertion rate per base |	0.01%
                       Insertion average length |	1.24
                             MULTI-MAPPING READS:
        Number of reads mapped to multiple loci |	565375
             % of reads mapped to multiple loci |	1.43%
        Number of reads mapped to too many loci |	2661
             % of reads mapped to too many loci |	0.01%
                                  UNMAPPED READS:
       % of reads unmapped: too many mismatches |	0.00%
                 % of reads unmapped: too short |	7.10%
                     % of reads unmapped: other |	0.01%
                                  CHIMERIC READS:
                       Number of chimeric reads |	0
                            % of chimeric reads |	0.00%
