                                 Started job on |	Dec 05 00:24:18
                             Started mapping on |	Dec 05 00:24:20
                                    Finished on |	Dec 05 01:09:48
       Mapping speed, Million of reads per hour |	48.71

                          Number of input reads |	36910160
                      Average input read length |	298
                                    UNIQUE READS:
                   Uniquely mapped reads number |	33911037
                        Uniquely mapped reads % |	91.87%
                          Average mapped length |	297.61
                       Number of splices: Total |	35933106
            Number of splices: Annotated (sjdb) |	35519670
                       Number of splices: GT/AG |	35593760
                       Number of splices: GC/AG |	277048
                       Number of splices: AT/AC |	30643
               Number of splices: Non-canonical |	31655
                      Mismatch rate per base, % |	0.14%
                         Deletion rate per base |	0.00%
                        Deletion average length |	1.50
                        Insertion rate per base |	0.01%
                       Insertion average length |	1.24
                             MULTI-MAPPING READS:
        Number of reads mapped to multiple loci |	382264
             % of reads mapped to multiple loci |	1.04%
        Number of reads mapped to too many loci |	2069
             % of reads mapped to too many loci |	0.01%
                                  UNMAPPED READS:
       % of reads unmapped: too many mismatches |	0.00%
                 % of reads unmapped: too short |	7.08%
                     % of reads unmapped: other |	0.01%
                                  CHIMERIC READS:
                       Number of chimeric reads |	0
                            % of chimeric reads |	0.00%
