                                 Started job on |	Dec 05 01:09:48
                             Started mapping on |	Dec 05 01:09:50
                                    Finished on |	Dec 05 01:59:58
       Mapping speed, Million of reads per hour |	40.46

                          Number of input reads |	33802781
                      Average input read length |	298
                                    UNIQUE READS:
                   Uniquely mapped reads number |	30832764
                        Uniquely mapped reads % |	91.21%
                          Average mapped length |	297.86
                       Number of splices: Total |	32838097
            Number of splices: Annotated (sjdb) |	32448724
                       Number of splices: GT/AG |	32529687
                       Number of splices: GC/AG |	252677
                       Number of splices: AT/AC |	28796
               Number of splices: Non-canonical |	26937
                      Mismatch rate per base, % |	0.15%
                         Deletion rate per base |	0.00%
                        Deletion average length |	1.49
                        Insertion rate per base |	0.01%
                       Insertion average length |	1.23
                             MULTI-MAPPING READS:
        Number of reads mapped to multiple loci |	382585
             % of reads mapped to multiple loci |	1.13%
        Number of reads mapped to too many loci |	1923
             % of reads mapped to too many loci |	0.01%
                                  UNMAPPED READS:
       % of reads unmapped: too many mismatches |	0.00%
                 % of reads unmapped: too short |	7.64%
                     % of reads unmapped: other |	0.00%
                                  CHIMERIC READS:
                       Number of chimeric reads |	0
                            % of chimeric reads |	0.00%
