                                 Started job on |	Dec 05 01:59:58
                             Started mapping on |	Dec 05 02:00:00
                                    Finished on |	Dec 05 03:00:34
       Mapping speed, Million of reads per hour |	34.80

                          Number of input reads |	35125099
                      Average input read length |	298
                                    UNIQUE READS:
                   Uniquely mapped reads number |	31634334
                        Uniquely mapped reads % |	90.06%
                          Average mapped length |	297.41
                       Number of splices: Total |	33363458
            Number of splices: Annotated (sjdb) |	32953233
                       Number of splices: GT/AG |	33046996
                       Number of splices: GC/AG |	257164
                       Number of splices: AT/AC |	29268
               Number of splices: Non-canonical |	30030
                      Mismatch rate per base, % |	0.13%
                         Deletion rate per base |	0.01%
                        Deletion average length |	1.50
                        Insertion rate per base |	0.01%
                       Insertion average length |	1.24
                             MULTI-MAPPING READS:
        Number of reads mapped to multiple loci |	371211
             % of reads mapped to multiple loci |	1.06%
        Number of reads mapped to too many loci |	2448
             % of reads mapped to too many loci |	0.01%
                                  UNMAPPED READS:
       % of reads unmapped: too many mismatches |	0.00%
                 % of reads unmapped: too short |	8.87%
                     % of reads unmapped: other |	0.01%
                                  CHIMERIC READS:
                       Number of chimeric reads |	0
                            % of chimeric reads |	0.00%
