                                 Started job on |	Dec 05 06:40:13
                             Started mapping on |	Dec 05 06:40:15
                                    Finished on |	Dec 05 08:01:12
       Mapping speed, Million of reads per hour |	29.75

                          Number of input reads |	40144001
                      Average input read length |	298
                                    UNIQUE READS:
                   Uniquely mapped reads number |	35549089
                        Uniquely mapped reads % |	88.55%
                          Average mapped length |	297.76
                       Number of splices: Total |	36525505
            Number of splices: Annotated (sjdb) |	36069990
                       Number of splices: GT/AG |	36179537
                       Number of splices: GC/AG |	278912
                       Number of splices: AT/AC |	32148
               Number of splices: Non-canonical |	34908
                      Mismatch rate per base, % |	0.14%
                         Deletion rate per base |	0.01%
                        Deletion average length |	1.49
                        Insertion rate per base |	0.01%
                       Insertion average length |	1.26
                             MULTI-MAPPING READS:
        Number of reads mapped to multiple loci |	438571
             % of reads mapped to multiple loci |	1.09%
        Number of reads mapped to too many loci |	2398
             % of reads mapped to too many loci |	0.01%
                                  UNMAPPED READS:
       % of reads unmapped: too many mismatches |	0.00%
                 % of reads unmapped: too short |	10.34%
                     % of reads unmapped: other |	0.01%
                                  CHIMERIC READS:
                       Number of chimeric reads |	0
                            % of chimeric reads |	0.00%
