                                 Started job on |	Dec 04 16:37:22
                             Started mapping on |	Dec 04 16:37:23
                                    Finished on |	Dec 04 17:15:09
       Mapping speed, Million of reads per hour |	52.90

                          Number of input reads |	33295174
                      Average input read length |	297
                                    UNIQUE READS:
                   Uniquely mapped reads number |	30746411
                        Uniquely mapped reads % |	92.34%
                          Average mapped length |	297.41
                       Number of splices: Total |	32318887
            Number of splices: Annotated (sjdb) |	31971090
                       Number of splices: GT/AG |	32002399
                       Number of splices: GC/AG |	256372
                       Number of splices: AT/AC |	31308
               Number of splices: Non-canonical |	28808
                      Mismatch rate per base, % |	0.14%
                         Deletion rate per base |	0.01%
                        Deletion average length |	1.50
                        Insertion rate per base |	0.01%
                       Insertion average length |	1.25
                             MULTI-MAPPING READS:
        Number of reads mapped to multiple loci |	453476
             % of reads mapped to multiple loci |	1.36%
        Number of reads mapped to too many loci |	2277
             % of reads mapped to too many loci |	0.01%
                                  UNMAPPED READS:
       % of reads unmapped: too many mismatches |	0.00%
                 % of reads unmapped: too short |	6.28%
                     % of reads unmapped: other |	0.01%
                                  CHIMERIC READS:
                       Number of chimeric reads |	0
                            % of chimeric reads |	0.00%
