                                 Started job on |	Dec 04 17:15:10
                             Started mapping on |	Dec 04 17:15:11
                                    Finished on |	Dec 04 17:39:57
       Mapping speed, Million of reads per hour |	71.34

                          Number of input reads |	29445510
                      Average input read length |	297
                                    UNIQUE READS:
                   Uniquely mapped reads number |	27545608
                        Uniquely mapped reads % |	93.55%
                          Average mapped length |	297.27
                       Number of splices: Total |	29220234
            Number of splices: Annotated (sjdb) |	28905440
                       Number of splices: GT/AG |	28939438
                       Number of splices: GC/AG |	226184
                       Number of splices: AT/AC |	28179
               Number of splices: Non-canonical |	26433
                      Mismatch rate per base, % |	0.13%
                         Deletion rate per base |	0.01%
                        Deletion average length |	1.49
                        Insertion rate per base |	0.01%
                       Insertion average length |	1.24
                             MULTI-MAPPING READS:
        Number of reads mapped to multiple loci |	331441
             % of reads mapped to multiple loci |	1.13%
        Number of reads mapped to too many loci |	2059
             % of reads mapped to too many loci |	0.01%
                                  UNMAPPED READS:
       % of reads unmapped: too many mismatches |	0.00%
                 % of reads unmapped: too short |	5.31%
                     % of reads unmapped: other |	0.01%
                                  CHIMERIC READS:
                       Number of chimeric reads |	0
                            % of chimeric reads |	0.00%
