                                 Started job on |	Dec 04 19:26:04
                             Started mapping on |	Dec 04 19:26:05
                                    Finished on |	Dec 04 20:12:31
       Mapping speed, Million of reads per hour |	42.40

                          Number of input reads |	32810161
                      Average input read length |	298
                                    UNIQUE READS:
                   Uniquely mapped reads number |	29791080
                        Uniquely mapped reads % |	90.80%
                          Average mapped length |	297.46
                       Number of splices: Total |	31730050
            Number of splices: Annotated (sjdb) |	31349695
                       Number of splices: GT/AG |	31415761
                       Number of splices: GC/AG |	253793
                       Number of splices: AT/AC |	31014
               Number of splices: Non-canonical |	29482
                      Mismatch rate per base, % |	0.14%
                         Deletion rate per base |	0.01%
                        Deletion average length |	1.51
                        Insertion rate per base |	0.01%
                       Insertion average length |	1.24
                             MULTI-MAPPING READS:
        Number of reads mapped to multiple loci |	415576
             % of reads mapped to multiple loci |	1.27%
        Number of reads mapped to too many loci |	2728
             % of reads mapped to too many loci |	0.01%
                                  UNMAPPED READS:
       % of reads unmapped: too many mismatches |	0.00%
                 % of reads unmapped: too short |	7.92%
                     % of reads unmapped: other |	0.01%
                                  CHIMERIC READS:
                       Number of chimeric reads |	0
                            % of chimeric reads |	0.00%
