                                 Started job on |	Dec 04 20:44:04
                             Started mapping on |	Dec 04 20:44:06
                                    Finished on |	Dec 04 22:04:37
       Mapping speed, Million of reads per hour |	26.79

                          Number of input reads |	35945507
                      Average input read length |	297
                                    UNIQUE READS:
                   Uniquely mapped reads number |	31635626
                        Uniquely mapped reads % |	88.01%
                          Average mapped length |	297.26
                       Number of splices: Total |	33296333
            Number of splices: Annotated (sjdb) |	32887807
                       Number of splices: GT/AG |	32977576
                       Number of splices: GC/AG |	254581
                       Number of splices: AT/AC |	31729
               Number of splices: Non-canonical |	32447
                      Mismatch rate per base, % |	0.14%
                         Deletion rate per base |	0.01%
                        Deletion average length |	1.51
                        Insertion rate per base |	0.01%
                       Insertion average length |	1.24
                             MULTI-MAPPING READS:
        Number of reads mapped to multiple loci |	534925
             % of reads mapped to multiple loci |	1.49%
        Number of reads mapped to too many loci |	2096
             % of reads mapped to too many loci |	0.01%
                                  UNMAPPED READS:
       % of reads unmapped: too many mismatches |	0.00%
                 % of reads unmapped: too short |	10.49%
                     % of reads unmapped: other |	0.01%
                                  CHIMERIC READS:
                       Number of chimeric reads |	0
                            % of chimeric reads |	0.00%
