                                 Started job on |	Dec 05 03:00:35
                             Started mapping on |	Dec 05 03:00:36
                                    Finished on |	Dec 05 03:54:19
       Mapping speed, Million of reads per hour |	39.30

                          Number of input reads |	35187693
                      Average input read length |	298
                                    UNIQUE READS:
                   Uniquely mapped reads number |	31933708
                        Uniquely mapped reads % |	90.75%
                          Average mapped length |	297.85
                       Number of splices: Total |	33662208
            Number of splices: Annotated (sjdb) |	33237638
                       Number of splices: GT/AG |	33340600
                       Number of splices: GC/AG |	261722
                       Number of splices: AT/AC |	31475
               Number of splices: Non-canonical |	28411
                      Mismatch rate per base, % |	0.14%
                         Deletion rate per base |	0.00%
                        Deletion average length |	1.50
                        Insertion rate per base |	0.01%
                       Insertion average length |	1.21
                             MULTI-MAPPING READS:
        Number of reads mapped to multiple loci |	426254
             % of reads mapped to multiple loci |	1.21%
        Number of reads mapped to too many loci |	2147
             % of reads mapped to too many loci |	0.01%
                                  UNMAPPED READS:
       % of reads unmapped: too many mismatches |	0.00%
                 % of reads unmapped: too short |	8.02%
                     % of reads unmapped: other |	0.01%
                                  CHIMERIC READS:
                       Number of chimeric reads |	0
                            % of chimeric reads |	0.00%
