                                 Started job on |	Dec 05 04:41:49
                             Started mapping on |	Dec 05 04:41:51
                                    Finished on |	Dec 05 05:14:54
       Mapping speed, Million of reads per hour |	52.14

                          Number of input reads |	28722654
                      Average input read length |	297
                                    UNIQUE READS:
                   Uniquely mapped reads number |	26343061
                        Uniquely mapped reads % |	91.72%
                          Average mapped length |	297.16
                       Number of splices: Total |	27067987
            Number of splices: Annotated (sjdb) |	26723859
                       Number of splices: GT/AG |	26807614
                       Number of splices: GC/AG |	208739
                       Number of splices: AT/AC |	26000
               Number of splices: Non-canonical |	25634
                      Mismatch rate per base, % |	0.13%
                         Deletion rate per base |	0.01%
                        Deletion average length |	1.50
                        Insertion rate per base |	0.01%
                       Insertion average length |	1.24
                             MULTI-MAPPING READS:
        Number of reads mapped to multiple loci |	423024
             % of reads mapped to multiple loci |	1.47%
        Number of reads mapped to too many loci |	1808
             % of reads mapped to too many loci |	0.01%
                                  UNMAPPED READS:
       % of reads unmapped: too many mismatches |	0.00%
                 % of reads unmapped: too short |	6.80%
                     % of reads unmapped: other |	0.01%
                                  CHIMERIC READS:
                       Number of chimeric reads |	0
                            % of chimeric reads |	0.00%
