                                 Started job on |	Dec 05 05:49:57
                             Started mapping on |	Dec 05 05:49:59
                                    Finished on |	Dec 05 06:40:12
       Mapping speed, Million of reads per hour |	41.72

                          Number of input reads |	34914190
                      Average input read length |	298
                                    UNIQUE READS:
                   Uniquely mapped reads number |	31907279
                        Uniquely mapped reads % |	91.39%
                          Average mapped length |	297.54
                       Number of splices: Total |	33159060
            Number of splices: Annotated (sjdb) |	32746630
                       Number of splices: GT/AG |	32838582
                       Number of splices: GC/AG |	259117
                       Number of splices: AT/AC |	29495
               Number of splices: Non-canonical |	31866
                      Mismatch rate per base, % |	0.15%
                         Deletion rate per base |	0.01%
                        Deletion average length |	1.50
                        Insertion rate per base |	0.01%
                       Insertion average length |	1.25
                             MULTI-MAPPING READS:
        Number of reads mapped to multiple loci |	445980
             % of reads mapped to multiple loci |	1.28%
        Number of reads mapped to too many loci |	2292
             % of reads mapped to too many loci |	0.01%
                                  UNMAPPED READS:
       % of reads unmapped: too many mismatches |	0.00%
                 % of reads unmapped: too short |	7.32%
                     % of reads unmapped: other |	0.01%
                                  CHIMERIC READS:
                       Number of chimeric reads |	0
                            % of chimeric reads |	0.00%
