                                 Started job on |	Dec 04 14:15:50
                             Started mapping on |	Dec 04 14:15:51
                                    Finished on |	Dec 04 15:06:19
       Mapping speed, Million of reads per hour |	35.99

                          Number of input reads |	30267839
                      Average input read length |	297
                                    UNIQUE READS:
                   Uniquely mapped reads number |	26833790
                        Uniquely mapped reads % |	88.65%
                          Average mapped length |	296.92
                       Number of splices: Total |	27825103
            Number of splices: Annotated (sjdb) |	27508014
                       Number of splices: GT/AG |	27555342
                       Number of splices: GC/AG |	215637
                       Number of splices: AT/AC |	28365
               Number of splices: Non-canonical |	25759
                      Mismatch rate per base, % |	0.14%
                         Deletion rate per base |	0.01%
                        Deletion average length |	1.49
                        Insertion rate per base |	0.01%
                       Insertion average length |	1.24
                             MULTI-MAPPING READS:
        Number of reads mapped to multiple loci |	378925
             % of reads mapped to multiple loci |	1.25%
        Number of reads mapped to too many loci |	2013
             % of reads mapped to too many loci |	0.01%
                                  UNMAPPED READS:
       % of reads unmapped: too many mismatches |	0.00%
                 % of reads unmapped: too short |	10.07%
                     % of reads unmapped: other |	0.01%
                                  CHIMERIC READS:
                       Number of chimeric reads |	0
                            % of chimeric reads |	0.00%
