                                 Started job on |	Dec 04 16:19:19
                             Started mapping on |	Dec 04 16:19:20
                                    Finished on |	Dec 04 16:37:21
       Mapping speed, Million of reads per hour |	97.79

                          Number of input reads |	29364475
                      Average input read length |	297
                                    UNIQUE READS:
                   Uniquely mapped reads number |	27847116
                        Uniquely mapped reads % |	94.83%
                          Average mapped length |	296.97
                       Number of splices: Total |	29520991
            Number of splices: Annotated (sjdb) |	29202685
                       Number of splices: GT/AG |	29233738
                       Number of splices: GC/AG |	230829
                       Number of splices: AT/AC |	28520
               Number of splices: Non-canonical |	27904
                      Mismatch rate per base, % |	0.13%
                         Deletion rate per base |	0.01%
                        Deletion average length |	1.49
                        Insertion rate per base |	0.01%
                       Insertion average length |	1.25
                             MULTI-MAPPING READS:
        Number of reads mapped to multiple loci |	364831
             % of reads mapped to multiple loci |	1.24%
        Number of reads mapped to too many loci |	2054
             % of reads mapped to too many loci |	0.01%
                                  UNMAPPED READS:
       % of reads unmapped: too many mismatches |	0.00%
                 % of reads unmapped: too short |	3.91%
                     % of reads unmapped: other |	0.01%
                                  CHIMERIC READS:
                       Number of chimeric reads |	0
                            % of chimeric reads |	0.00%
