                                 Started job on |	Dec 04 17:39:58
                             Started mapping on |	Dec 04 17:39:59
                                    Finished on |	Dec 04 18:06:46
       Mapping speed, Million of reads per hour |	43.60

                          Number of input reads |	19464245
                      Average input read length |	298
                                    UNIQUE READS:
                   Uniquely mapped reads number |	17717614
                        Uniquely mapped reads % |	91.03%
                          Average mapped length |	297.36
                       Number of splices: Total |	18382912
            Number of splices: Annotated (sjdb) |	18178778
                       Number of splices: GT/AG |	18206842
                       Number of splices: GC/AG |	140816
                       Number of splices: AT/AC |	18519
               Number of splices: Non-canonical |	16735
                      Mismatch rate per base, % |	0.14%
                         Deletion rate per base |	0.01%
                        Deletion average length |	1.49
                        Insertion rate per base |	0.01%
                       Insertion average length |	1.25
                             MULTI-MAPPING READS:
        Number of reads mapped to multiple loci |	232603
             % of reads mapped to multiple loci |	1.20%
        Number of reads mapped to too many loci |	1004
             % of reads mapped to too many loci |	0.01%
                                  UNMAPPED READS:
       % of reads unmapped: too many mismatches |	0.00%
                 % of reads unmapped: too short |	7.76%
                     % of reads unmapped: other |	0.01%
                                  CHIMERIC READS:
                       Number of chimeric reads |	0
                            % of chimeric reads |	0.00%
