                                 Started job on |	Dec 04 18:34:41
                             Started mapping on |	Dec 04 18:34:42
                                    Finished on |	Dec 04 18:56:00
       Mapping speed, Million of reads per hour |	60.30

                          Number of input reads |	21406977
                      Average input read length |	297
                                    UNIQUE READS:
                   Uniquely mapped reads number |	19773119
                        Uniquely mapped reads % |	92.37%
                          Average mapped length |	296.98
                       Number of splices: Total |	20109587
            Number of splices: Annotated (sjdb) |	19901770
                       Number of splices: GT/AG |	19917390
                       Number of splices: GC/AG |	148931
                       Number of splices: AT/AC |	23552
               Number of splices: Non-canonical |	19714
                      Mismatch rate per base, % |	0.14%
                         Deletion rate per base |	0.01%
                        Deletion average length |	1.51
                        Insertion rate per base |	0.01%
                       Insertion average length |	1.25
                             MULTI-MAPPING READS:
        Number of reads mapped to multiple loci |	374481
             % of reads mapped to multiple loci |	1.75%
        Number of reads mapped to too many loci |	1135
             % of reads mapped to too many loci |	0.01%
                                  UNMAPPED READS:
       % of reads unmapped: too many mismatches |	0.00%
                 % of reads unmapped: too short |	5.87%
                     % of reads unmapped: other |	0.01%
                                  CHIMERIC READS:
                       Number of chimeric reads |	0
                            % of chimeric reads |	0.00%
